
03:25:31.572 [xilodyne.machinelearning.test.weka.Weka_IRIS_NB_CV] [Log Level: FINE]
03:25:31.572 [runClassifier] Running Weka Naive Bayes classification for Iris Data.
03:25:31.573 Log file: C:\Backup\Java8-Luna\MachineLearning\workspace-Udacity\ML-Testing\results\IRIS-weka-NB-CV_NaiveBayesUpdateable-20170223_152531.log
03:25:31.577 [runClassifier] 




03:25:31.577 [runClassifier] ==================================================
03:25:31.577 [runClassifier] weka.classifiers.bayes.NaiveBayesUpdateable
03:25:31.577 [runClassifier] Generating test data
03:25:32.454 [predict] 
03:25:32.455 [predict] === Setup ===
03:25:32.455 [predict] Classifier: weka.classifiers.bayes.NaiveBayesUpdateable 
03:25:32.455 [predict] Dataset: iris
03:25:32.455 [predict] Folds: 10
03:25:32.455 [predict] Seed: 1
03:25:32.455 [predict] 
03:25:32.457 [predict] === 10-fold Cross-validation ===
Correctly Classified Instances         144               96      %
Incorrectly Classified Instances         6                4      %
Kappa statistic                          0.94  
Mean absolute error                      0.0342
Root mean squared error                  0.155 
Relative absolute error                  7.6997 %
Root relative squared error             32.8794 %
Total Number of Instances              150     

03:25:32.458 [getMLStats] Class tested: weka.classifiers.bayes.NaiveBayesUpdateable
03:25:32.459 [getMLStats] Accuracy: 96.0%
03:25:32.459 [getMLStats] Total lines training: 0
03:25:32.459 [getMLStats] Total lines predicted: 0
03:25:32.459 [getMLStats] Activity	Time (in seconds)	% of Total Duration
03:25:32.459 [getMLStats] --------	-----------------	-------------------
03:25:32.463 [getMLStats] Data setup	0.67			76%
03:25:32.463 [getMLStats] Fit		0.0			0%
03:25:32.463 [getMLStats] Predict	0.211			24%
03:25:32.463 [getMLStats] Total Time	0.881
