
03:24:48.926 [xilodyne.machinelearning.test.weka.Weka_IRIS_NB_NoCV] [Log Level: FINE]
03:24:48.927 [runClassifier] Running Weka Naive Bayes classification for Iris Data.
03:24:48.927 Log file: C:\Backup\Java8-Luna\MachineLearning\workspace-Udacity\ML-Testing\results\IRIS-weka-NB-noCV_NaiveBayes-20170223_152448.log
03:24:48.932 [runClassifier] 




03:24:48.932 [runClassifier] ==================================================
03:24:48.932 [runClassifier] weka.classifiers.bayes.NaiveBayes
03:24:48.932 [runClassifier] Generating test data
03:24:49.827 [generateTestData] Generating test data from size: 150
03:24:49.914 [generateTestData] Sizes train/test: 135/15
03:24:49.914 [runClassifier] Fit data...
03:24:49.939 [runClassifier] Test data...
03:24:49.949 [testAndPredict] 
Results
======

Correctly Classified Instances          14               93.3333 %
Incorrectly Classified Instances         1                6.6667 %
Kappa statistic                          0.9   
Mean absolute error                      0.0464
Root mean squared error                  0.1718
Relative absolute error                 10.4488 %
Root relative squared error             36.4528 %
Total Number of Instances               15     

03:24:49.963 [getMLStats] Class tested: weka.classifiers.bayes.NaiveBayes
03:24:49.964 [getMLStats] Accuracy: 93.33333333333333%
03:24:49.964 [getMLStats] Total lines training: 135
03:24:49.964 [getMLStats] Total lines predicted: 15
03:24:49.964 [getMLStats] Activity	Time (in seconds)	% of Total Duration
03:24:49.964 [getMLStats] --------	-----------------	-------------------
03:24:49.971 [getMLStats] Data setup	0.982			96%
03:24:49.972 [getMLStats] Fit		0.025			2%
03:24:49.972 [getMLStats] Predict	0.011			1%
03:24:49.972 [getMLStats] Total Time	1.0179999999999998
